<?xml version="1.0" encoding="UTF-8"?>
<!-- Generated by org.testng.reporters.JUnitReportReporter -->
<testsuite hostname="DESKTOP-4DEEQQQ" failures="0" tests="6" name="Tutorial1.EndToEndFLow" time="2.485" errors="0" timestamp="2023-06-01T16:53:39 IST" skipped="0">
  <testcase classname="Tutorial1.EndToEndFLow" name="validateStatusCode" time="0.032"/>
  <system-out/>
  <testcase classname="Tutorial1.EndToEndFLow" name="validategetdemo" time="2.198"/>
  <system-out/>
  <testcase classname="Tutorial1.EndToEndFLow" name="validateResponsePayLoadEmail1" time="0.063"/>
  <system-out/>
  <testcase classname="Tutorial1.EndToEndFLow" name="validateResponsePayLoadFirst_Name" time="0.054"/>
  <system-out/>
  <testcase classname="Tutorial1.EndToEndFLow" name="validateResponsePayLoadLast_Name" time="0.075"/>
  <system-out/>
  <testcase classname="Tutorial1.EndToEndFLow" name="validateResponsePayLoadAvatar1" time="0.063"/>
  <system-out/>
</testsuite> <!-- Tutorial1.EndToEndFLow -->
