<?xml version="1.0" encoding="UTF-8"?>
<!-- Generated by org.testng.reporters.JUnitReportReporter -->
<testsuite hostname="DESKTOP-4DEEQQQ" failures="0" tests="11" name="TestNGAPI.EndToEndFLow" time="1.016" errors="0" timestamp="2023-06-02T15:59:00 IST" skipped="0">
  <testcase classname="TestNGAPI.EndToEndFLow" name="validateStatusCode" time="0.004"/>
  <system-out/>
  <testcase classname="TestNGAPI.EndToEndFLow" name="validateResponsePayLoadEmail1" time="0.115"/>
  <system-out/>
  <testcase classname="TestNGAPI.EndToEndFLow" name="validateResponsePayLoadFirst_Name" time="0.047"/>
  <system-out/>
  <testcase classname="TestNGAPI.EndToEndFLow" name="validateResponsePayLoadLast_Name" time="0.046"/>
  <system-out/>
  <testcase classname="TestNGAPI.EndToEndFLow" name="validateResponsePayLoadAvatar1" time="0.046"/>
  <system-out/>
  <testcase classname="TestNGAPI.EndToEndFLow" name="updateEntityUsingPutRequest" time="0.563"/>
  <system-out/>
  <testcase classname="TestNGAPI.EndToEndFLow" name="validateResponsePayLoadEmailPut" time="0.051"/>
  <system-out/>
  <testcase classname="TestNGAPI.EndToEndFLow" name="validateResponsePayLoadFirstNamePut" time="0.047"/>
  <system-out/>
  <testcase classname="TestNGAPI.EndToEndFLow" name="validateResponsePayLoadLastNamePut" time="0.045"/>
  <system-out/>
  <testcase classname="TestNGAPI.EndToEndFLow" name="validateResponsePayLoadAvatarPut" time="0.047"/>
  <system-out/>
  <testcase classname="TestNGAPI.EndToEndFLow" name="validateStatusCodePut" time="0.005"/>
  <system-out/>
</testsuite> <!-- TestNGAPI.EndToEndFLow -->
