<?xml version="1.0" encoding="UTF-8"?>
<!-- Generated by org.testng.reporters.JUnitReportReporter -->
<testsuite hostname="DESKTOP-4DEEQQQ" failures="0" tests="1" name="Tutorial2.GetDemo2" time="6.725" errors="0" timestamp="2023-06-02T15:44:23 IST" skipped="0">
  <testcase classname="Tutorial2.GetDemo2" name="getdemo" time="6.725"/>
  <system-out/>
</testsuite> <!-- Tutorial2.GetDemo2 -->
